20:59:20.015 [main] DEBUG org.apache.poi.openxml4j.opc.PackageRelationshipCollection - Parsing relationship: /xl/worksheets/_rels/sheet1.xml.rels
20:59:20.023 [main] DEBUG org.apache.poi.openxml4j.opc.PackageRelationshipCollection - Parsing relationship: /_rels/.rels
20:59:20.080 [main] DEBUG org.apache.poi.openxml4j.opc.PackageRelationshipCollection - Parsing relationship: /xl/_rels/workbook.xml.rels
20:59:20.096 [main] DEBUG org.apache.poi.openxml4j.opc.PackageRelationshipCollection - Parsing relationship: /xl/worksheets/_rels/sheet1.xml.rels
20:59:20.105 [main] DEBUG org.apache.poi.openxml4j.opc.PackageRelationshipCollection - Parsing relationship: /_rels/.rels
20:59:20.139 [main] DEBUG org.apache.poi.openxml4j.opc.PackageRelationshipCollection - Parsing relationship: /xl/_rels/workbook.xml.rels
20:59:20.140 [main] DEBUG org.apache.poi.openxml4j.opc.PackageRelationshipCollection - Parsing relationship: /xl/worksheets/_rels/sheet1.xml.rels
20:59:20.140 [main] DEBUG org.apache.poi.openxml4j.opc.PackageRelationshipCollection - Parsing relationship: /_rels/.rels
20:59:20.169 [main] DEBUG org.apache.poi.openxml4j.opc.PackageRelationshipCollection - Parsing relationship: /xl/_rels/workbook.xml.rels
20:59:20.169 [main] DEBUG org.apache.poi.openxml4j.opc.PackageRelationshipCollection - Parsing relationship: /xl/worksheets/_rels/sheet1.xml.rels
20:59:20.169 [main] DEBUG org.apache.poi.openxml4j.opc.PackageRelationshipCollection - Parsing relationship: /_rels/.rels
20:59:20.201 [main] DEBUG org.apache.poi.openxml4j.opc.PackageRelationshipCollection - Parsing relationship: /xl/_rels/workbook.xml.rels
20:59:20.201 [main] DEBUG org.apache.poi.openxml4j.opc.PackageRelationshipCollection - Parsing relationship: /xl/worksheets/_rels/sheet1.xml.rels
20:59:20.201 [main] DEBUG org.apache.poi.openxml4j.opc.PackageRelationshipCollection - Parsing relationship: /_rels/.rels
20:59:20.233 [main] DEBUG org.apache.poi.openxml4j.opc.PackageRelationshipCollection - Parsing relationship: /xl/_rels/workbook.xml.rels
20:59:20.233 [main] DEBUG org.apache.poi.openxml4j.opc.PackageRelationshipCollection - Parsing relationship: /xl/worksheets/_rels/sheet1.xml.rels
20:59:20.233 [main] DEBUG org.apache.poi.openxml4j.opc.PackageRelationshipCollection - Parsing relationship: /_rels/.rels
20:59:20.264 [main] INFO  testCases.TC003_LoginDDT - ***************Starting TC003_LoginDDT************
20:59:51.798 [main] INFO  testCases.TC003_LoginDDT - ***************Starting TC003_LoginDDT************
21:00:01.869 [main] INFO  testCases.TC003_LoginDDT - ***************Starting TC003_LoginDDT************
21:00:11.947 [main] INFO  testCases.TC003_LoginDDT - ***************Starting TC003_LoginDDT************
21:00:22.032 [main] INFO  testCases.TC003_LoginDDT - ***************Starting TC003_LoginDDT************
15:43:43.865 [main] DEBUG org.testng.TestNG - suiteXmlPath: "C:\jar\New folder\OpencartV121\grouping.xml"
15:43:44.056 [main] INFO  org.testng.internal.Utils - [TestNG] Running:
  C:\jar\New folder\OpencartV121\grouping.xml

15:43:49.627 [main] INFO  testCases.TC001_AccountRegistrationTest - *************Starting TC001_AccountRegistrationTest *********
15:43:49.710 [main] INFO  testCases.TC001_AccountRegistrationTest - Clicked on MyAccount Link 
15:44:11.007 [main] INFO  testCases.TC001_AccountRegistrationTest - Clicked on Register Link 
15:44:11.012 [main] INFO  testCases.TC001_AccountRegistrationTest - Providing customer details.... 
15:44:24.547 [main] INFO  testCases.TC002_LoginTest - *****************Starting TC002_LoginTest**********
14:23:50.978 [main] DEBUG org.testng.TestNG - suiteXmlPath: "C:\jar\New folder\OpencartV121\grouping.xml"
14:23:51.266 [main] INFO  org.testng.internal.Utils - [TestNG] Running:
  C:\jar\New folder\OpencartV121\grouping.xml

14:23:57.774 [main] INFO  testCases.TC001_AccountRegistrationTest - *************Starting TC001_AccountRegistrationTest *********
14:23:57.899 [main] INFO  testCases.TC001_AccountRegistrationTest - Clicked on MyAccount Link 
14:24:19.215 [main] INFO  testCases.TC001_AccountRegistrationTest - Clicked on Register Link 
14:24:19.220 [main] INFO  testCases.TC001_AccountRegistrationTest - Providing customer details.... 
14:24:33.184 [main] INFO  testCases.TC002_LoginTest - *****************Starting TC002_LoginTest**********
14:44:22.487 [main] DEBUG org.testng.TestNG - suiteXmlPath: "C:\jar\New folder\OpencartV121\test-output\testng-failed.xml"
14:44:22.673 [main] INFO  org.testng.internal.Utils - [TestNG] Running:
  C:\jar\New folder\OpencartV121\test-output\testng-failed.xml

14:44:26.832 [main] INFO  testCases.TC002_LoginTest - *****************Starting TC002_LoginTest**********
14:45:01.710 [main] INFO  testCases.TC001_AccountRegistrationTest - *************Starting TC001_AccountRegistrationTest *********
14:45:01.789 [main] INFO  testCases.TC001_AccountRegistrationTest - Clicked on MyAccount Link 
14:45:23.033 [main] INFO  testCases.TC001_AccountRegistrationTest - Clicked on Register Link 
